Using pre-set license
Built from '2020.3/staging' branch; Version is '2020.3.25f1 (9b9180224418) revision 10195328'; Using compiler version '192528614'; Build Type 'Release'
OS: 'Windows 10  (10.0.19043) 64bit Professional' Language: 'en' Physical Memory: 16305 MB
BatchMode: 1, IsHumanControllingUs: 0, StartBugReporterOnCrash: 0, Is64bit: 1, IsPro: 0

COMMAND LINE ARGUMENTS:
C:\Program Files\Unity\Hub\Editor\2020.3.25f1\Editor\Unity.exe
-adb2
-batchMode
-noUpm
-name
AssetImportWorker0
-projectPath
C:/Users/mikey/Documents/GitHub/GhostGame/GhostGameShared
-logFile
Logs/AssetImportWorker0.log
-srvPort
63914
Successfully changed project path to: C:/Users/mikey/Documents/GitHub/GhostGame/GhostGameShared
C:/Users/mikey/Documents/GitHub/GhostGame/GhostGameShared
Using Asset Import Pipeline V2.
Refreshing native plugins compatible for Editor in 68.95 ms, found 8 plugins.
Preloading 0 native plugins for Editor in 0.00 ms.
Initialize engine version: 2020.3.25f1 (9b9180224418)
[Subsystems] Discovering subsystems at path C:/Program Files/Unity/Hub/Editor/2020.3.25f1/Editor/Data/Resources/UnitySubsystems
[Subsystems] Discovering subsystems at path C:/Users/mikey/Documents/GitHub/GhostGame/GhostGameShared/Assets
GfxDevice: creating device client; threaded=0
Direct3D:
    Version:  Direct3D 11.0 [level 11.1]
    Renderer: AMD Radeon RX 5700 XT (ID=0x731f)
    Vendor:   
    VRAM:     8151 MB
    Driver:   30.0.15019.1005
Initialize mono
Mono path[0] = 'C:/Program Files/Unity/Hub/Editor/2020.3.25f1/Editor/Data/Managed'
Mono path[1] = 'C:/Program Files/Unity/Hub/Editor/2020.3.25f1/Editor/Data/MonoBleedingEdge/lib/mono/unityjit'
Mono config path = 'C:/Program Files/Unity/Hub/Editor/2020.3.25f1/Editor/Data/MonoBleedingEdge/etc'
Using monoOptions --debugger-agent=transport=dt_socket,embedding=1,server=y,suspend=n,address=127.0.0.1:56172
Begin MonoManager ReloadAssembly
Registering precompiled unity dll's ...
Register platform support module: C:/Program Files/Unity/Hub/Editor/2020.3.25f1/Editor/Data/PlaybackEngines/WindowsStandaloneSupport/UnityEditor.WindowsStandalone.Extensions.dll
Registered in 0.001535 seconds.
Native extension for WindowsStandalone target not found
Refreshing native plugins compatible for Editor in 61.77 ms, found 8 plugins.
Preloading 0 native plugins for Editor in 0.00 ms.
Mono: successfully reloaded assembly
- Completed reload, in  0.518 seconds
Domain Reload Profiling:
	ReloadAssembly (518ms)
		BeginReloadAssembly (44ms)
			ExecutionOrderSort (0ms)
			DisableScriptedObjects (0ms)
			BackupInstance (0ms)
			ReleaseScriptingObjects (0ms)
			CreateAndSetChildDomain (1ms)
		EndReloadAssembly (411ms)
			LoadAssemblies (42ms)
			RebuildTransferFunctionScriptingTraits (0ms)
			SetupTypeCache (127ms)
			ReleaseScriptCaches (0ms)
			RebuildScriptCaches (26ms)
			SetupLoadedEditorAssemblies (171ms)
				LogAssemblyErrors (0ms)
				InitializePlatformSupportModulesInManaged (4ms)
				SetLoadedEditorAssemblies (0ms)
				RefreshPlugins (62ms)
				BeforeProcessingInitializeOnLoad (12ms)
				ProcessInitializeOnLoadAttributes (68ms)
				ProcessInitializeOnLoadMethodAttributes (24ms)
				AfterProcessingInitializeOnLoad (0ms)
				EditorAssembliesLoaded (0ms)
			ExecutionOrderSort2 (0ms)
			AwakeInstancesAfterBackupRestoration (0ms)
Platform modules already initialized, skipping
Registering precompiled user dll's ...
Registered in 0.007327 seconds.
Begin MonoManager ReloadAssembly
Native extension for WindowsStandalone target not found
Refreshing native plugins compatible for Editor in 64.70 ms, found 8 plugins.
Preloading 0 native plugins for Editor in 0.00 ms.
Mono: successfully reloaded assembly
- Completed reload, in  1.670 seconds
Domain Reload Profiling:
	ReloadAssembly (1671ms)
		BeginReloadAssembly (121ms)
			ExecutionOrderSort (0ms)
			DisableScriptedObjects (4ms)
			BackupInstance (0ms)
			ReleaseScriptingObjects (0ms)
			CreateAndSetChildDomain (19ms)
		EndReloadAssembly (1496ms)
			LoadAssemblies (88ms)
			RebuildTransferFunctionScriptingTraits (0ms)
			SetupTypeCache (289ms)
			ReleaseScriptCaches (1ms)
			RebuildScriptCaches (60ms)
			SetupLoadedEditorAssemblies (942ms)
				LogAssemblyErrors (0ms)
				InitializePlatformSupportModulesInManaged (3ms)
				SetLoadedEditorAssemblies (0ms)
				RefreshPlugins (65ms)
				BeforeProcessingInitializeOnLoad (107ms)
				ProcessInitializeOnLoadAttributes (749ms)
				ProcessInitializeOnLoadMethodAttributes (12ms)
				AfterProcessingInitializeOnLoad (5ms)
				EditorAssembliesLoaded (0ms)
			ExecutionOrderSort2 (0ms)
			AwakeInstancesAfterBackupRestoration (5ms)
Platform modules already initialized, skipping
========================================================================
Worker process is ready to serve import requests
Launched and connected shader compiler UnityShaderCompiler.exe after 0.04 seconds
Refreshing native plugins compatible for Editor in 1.10 ms, found 8 plugins.
Preloading 0 native plugins for Editor in 0.00 ms.
Unloading 3581 Unused Serialized files (Serialized files now loaded: 0)
System memory in use before: 136.3 MB.
System memory in use after: 136.5 MB.

Unloading 47 unused Assets to reduce memory usage. Loaded Objects now: 3990.
Total: 3.761100 ms (FindLiveObjects: 0.346400 ms CreateObjectMapping: 0.095800 ms MarkObjects: 3.238400 ms  DeleteObjects: 0.079600 ms)

AssetImportParameters requested are different than current active one (requested -> active):
  custom:framework-win-MediaFoundation: 216162199b28c13a410421893ffa2e32 -> 
  custom:video-decoder-ogg-theora: a1e56fd34408186e4bbccfd4996cb3dc -> 
  custom:container-muxer-webm: aa71ff27fc2769a1b78a27578f13a17b -> 
  custom:container-demuxer-webm: 4f35f7cbe854078d1ac9338744f61a02 -> 
  custom:container-demuxer-ogg: 62fdf1f143b41e24485cea50d1cbac27 -> 
  custom:video-encoder-webm-vp8: eb34c28f22e8b96e1ab97ce403110664 -> 
  custom:video-decoder-webm-vp8: 9c59270c3fd7afecdb556c50c9e8de78 -> 
  custom:audio-decoder-ogg-vorbis: bf7c407c2cedff20999df2af8eb42d56 -> 
  custom:audio-encoder-webm-vorbis: bf7c407c2cedff20999df2af8eb42d56 -> 
========================================================================
Received Import Request.
  path: Assets/MixedRealityToolkit.Generated/ProjectPreferences.asset
  artifactKey: Guid(2511ff6d85942d4469ed24f0672a8825) Importer(815301076,1909f56bfc062723c751e8b465ee728b)
Start importing Assets/MixedRealityToolkit.Generated/ProjectPreferences.asset using Guid(2511ff6d85942d4469ed24f0672a8825) Importer(815301076,1909f56bfc062723c751e8b465ee728b)  -> (artifact id: '233ae10ae2b9456081a48c601dadc195') in 0.039819 seconds 
  Import took 0.045596 seconds .

========================================================================
Received Import Request.
  Time since last request: 0.000247 seconds.
  path: Assets/MixedRealityToolkit.Generated/CustomProfiles
  artifactKey: Guid(c517e4901fbd3654ab0cada59173fa8d) Importer(815301076,1909f56bfc062723c751e8b465ee728b)
Start importing Assets/MixedRealityToolkit.Generated/CustomProfiles using Guid(c517e4901fbd3654ab0cada59173fa8d) Importer(815301076,1909f56bfc062723c751e8b465ee728b)  -> (artifact id: 'aa6a9ace99b08aa50fd52d87428eda0e') in 0.006327 seconds 
  Import took 0.011451 seconds .

========================================================================
Received Import Request.
  Time since last request: 4.968127 seconds.
  path: Packages/com.unity.xr.arfoundation/package.json
  artifactKey: Guid(08e6a1d1bc87fb6408c3e916a260691b) Importer(815301076,1909f56bfc062723c751e8b465ee728b)
Start importing Packages/com.unity.xr.arfoundation/package.json using Guid(08e6a1d1bc87fb6408c3e916a260691b) Importer(815301076,1909f56bfc062723c751e8b465ee728b)  -> (artifact id: '80453b583c8b0785fcb32b5b76702c8a') in 0.009192 seconds 
  Import took 0.014529 seconds .

========================================================================
Received Import Request.
  Time since last request: 1.995004 seconds.
  path: Packages/com.unity.xr.arfoundation/Editor
  artifactKey: Guid(d640407051394e845b5a2644547e9f7d) Importer(815301076,1909f56bfc062723c751e8b465ee728b)
Start importing Packages/com.unity.xr.arfoundation/Editor using Guid(d640407051394e845b5a2644547e9f7d) Importer(815301076,1909f56bfc062723c751e8b465ee728b)  -> (artifact id: 'ff4acefb747cd9f9d2e14628c6faa818') in 0.006706 seconds 
  Import took 0.012079 seconds .

========================================================================
Received Import Request.
  Time since last request: 0.034787 seconds.
  path: Packages/com.unity.xr.arfoundation/Editor/Unity.XR.ARFoundation.Editor.asmdef
  artifactKey: Guid(7f759c464cb5ea8448d441f13b57aec0) Importer(815301076,1909f56bfc062723c751e8b465ee728b)
Start importing Packages/com.unity.xr.arfoundation/Editor/Unity.XR.ARFoundation.Editor.asmdef using Guid(7f759c464cb5ea8448d441f13b57aec0) Importer(815301076,1909f56bfc062723c751e8b465ee728b)  -> (artifact id: '5142d7a66db63b245ba7f5caab466854') in 0.007761 seconds 
  Import took 0.013219 seconds .

========================================================================
Received Import Request.
  Time since last request: 52.707139 seconds.
  path: Packages/com.unity.xr.arfoundation/Materials/DebugFace.mat
  artifactKey: Guid(35bd980c8f2234e3d8b640e25a677d65) Importer(815301076,1909f56bfc062723c751e8b465ee728b)
Start importing Packages/com.unity.xr.arfoundation/Materials/DebugFace.mat using Guid(35bd980c8f2234e3d8b640e25a677d65) Importer(815301076,1909f56bfc062723c751e8b465ee728b)  -> (artifact id: 'b775d5240a537cadaa102879a9b59061') in 0.172617 seconds 
  Import took 0.178358 seconds .

========================================================================
Received Import Request.
  Time since last request: 0.000245 seconds.
  path: Packages/com.unity.xr.arfoundation/Materials/DebugPlane.mat
  artifactKey: Guid(f1a110d32af21aa4d872c707dfcc6043) Importer(815301076,1909f56bfc062723c751e8b465ee728b)
Start importing Packages/com.unity.xr.arfoundation/Materials/DebugPlane.mat using Guid(f1a110d32af21aa4d872c707dfcc6043) Importer(815301076,1909f56bfc062723c751e8b465ee728b)  -> (artifact id: '867c37191734b83677301b6e336cd9ff') in 0.116115 seconds 
  Import took 0.121514 seconds .

========================================================================
Received Import Request.
  Time since last request: 2.241222 seconds.
  path: Packages/com.unity.xr.arfoundation/Runtime/Unity.XR.ARFoundation.asmdef
  artifactKey: Guid(a9420e37d7990b54abdef6688edbe313) Importer(815301076,1909f56bfc062723c751e8b465ee728b)
Start importing Packages/com.unity.xr.arfoundation/Runtime/Unity.XR.ARFoundation.asmdef using Guid(a9420e37d7990b54abdef6688edbe313) Importer(815301076,1909f56bfc062723c751e8b465ee728b)  -> (artifact id: 'd077032b3e6c8071cdfba3c56080e1d8') in 0.006359 seconds 
  Import took 0.011693 seconds .

========================================================================
Received Import Request.
  Time since last request: 9.330726 seconds.
  path: Packages/com.microsoft.mixedreality.toolkit.foundation/package.json
  artifactKey: Guid(07675bcd31d98194486b2fea188bcc6b) Importer(815301076,1909f56bfc062723c751e8b465ee728b)
Start importing Packages/com.microsoft.mixedreality.toolkit.foundation/package.json using Guid(07675bcd31d98194486b2fea188bcc6b) Importer(815301076,1909f56bfc062723c751e8b465ee728b)  -> (artifact id: '1babf425cdadc408d26df49233f97607') in 0.002981 seconds 
  Import took 0.008056 seconds .

========================================================================
Received Import Request.
  Time since last request: 6.676586 seconds.
  path: Packages/com.microsoft.mixedreality.toolkit.foundation/Providers/Experimental/WindowsSceneUnderstanding/Profiles/DefaultSceneUnderstandingObserverProfile.asset
  artifactKey: Guid(1ce015d87321ac7458f2f259a7e1aaa5) Importer(815301076,1909f56bfc062723c751e8b465ee728b)
Start importing Packages/com.microsoft.mixedreality.toolkit.foundation/Providers/Experimental/WindowsSceneUnderstanding/Profiles/DefaultSceneUnderstandingObserverProfile.asset using Guid(1ce015d87321ac7458f2f259a7e1aaa5) Importer(815301076,1909f56bfc062723c751e8b465ee728b)  -> (artifact id: '2cbf74b8939e9cd49c2ec156a622e191') in 0.009254 seconds 
  Import took 0.014716 seconds .

========================================================================
Received Import Request.
  Time since last request: 505.725769 seconds.
  path: Packages/com.unity.xr.arfoundation
  artifactKey: Guid(d44d08c4f6a66affeab229834cebc743) Importer(815301076,1909f56bfc062723c751e8b465ee728b)
Start importing Packages/com.unity.xr.arfoundation using Guid(d44d08c4f6a66affeab229834cebc743) Importer(815301076,1909f56bfc062723c751e8b465ee728b)  -> (artifact id: 'cc6363b6bfeccb9fb7a33bb78d38a4b4') in 0.007714 seconds 
  Import took 0.013830 seconds .

========================================================================
Received Import Request.
  Time since last request: 12.096459 seconds.
  path: Packages/com.unity.xr.arcore
  artifactKey: Guid(b5535c8cdad0b403484acc25f137f8ed) Importer(815301076,1909f56bfc062723c751e8b465ee728b)
Start importing Packages/com.unity.xr.arcore using Guid(b5535c8cdad0b403484acc25f137f8ed) Importer(815301076,1909f56bfc062723c751e8b465ee728b)  -> (artifact id: '16841cb48bcb033d0561fd23175d4d41') in 0.007023 seconds 
  Import took 0.012549 seconds .

========================================================================
Received Import Request.
  Time since last request: 0.072286 seconds.
  path: Packages/com.unity.xr.arcore/package.json
  artifactKey: Guid(96d3d50e9dd0d654c90f6f35bb673559) Importer(815301076,1909f56bfc062723c751e8b465ee728b)
Start importing Packages/com.unity.xr.arcore/package.json using Guid(96d3d50e9dd0d654c90f6f35bb673559) Importer(815301076,1909f56bfc062723c751e8b465ee728b)  -> (artifact id: '963f9dd88b1bb97d90fe6b8eed816bb2') in 0.006842 seconds 
  Import took 0.012707 seconds .

========================================================================
Received Import Request.
  Time since last request: 22.875310 seconds.
  path: Packages/com.microsoft.mixedreality.toolkit.extensions/package.json
  artifactKey: Guid(593ce641688b4e54e876f85685d45fcc) Importer(815301076,1909f56bfc062723c751e8b465ee728b)
Start importing Packages/com.microsoft.mixedreality.toolkit.extensions/package.json using Guid(593ce641688b4e54e876f85685d45fcc) Importer(815301076,1909f56bfc062723c751e8b465ee728b)  -> (artifact id: '4aeb5f5ec54d18f527e7e4eae2b174eb') in 0.002805 seconds 
  Import took 0.008565 seconds .

AssetImportWorkerClient::OnTransportError - code=2 error=End of file
