Using pre-set license
Built from '2020.3/staging' branch; Version is '2020.3.25f1 (9b9180224418) revision 10195328'; Using compiler version '192528614'; Build Type 'Release'
OS: 'Windows 10  (10.0.19043) 64bit Professional' Language: 'en' Physical Memory: 16305 MB
BatchMode: 1, IsHumanControllingUs: 0, StartBugReporterOnCrash: 0, Is64bit: 1, IsPro: 0

COMMAND LINE ARGUMENTS:
C:\Program Files\Unity\Hub\Editor\2020.3.25f1\Editor\Unity.exe
-adb2
-batchMode
-noUpm
-name
AssetImportWorker0
-projectPath
C:/Users/mikey/Documents/GitHub/GhostGame/GhostGameShared
-logFile
Logs/AssetImportWorker0.log
-srvPort
52100
Successfully changed project path to: C:/Users/mikey/Documents/GitHub/GhostGame/GhostGameShared
C:/Users/mikey/Documents/GitHub/GhostGame/GhostGameShared
Using Asset Import Pipeline V2.
Refreshing native plugins compatible for Editor in 70.83 ms, found 8 plugins.
Preloading 0 native plugins for Editor in 0.00 ms.
Initialize engine version: 2020.3.25f1 (9b9180224418)
[Subsystems] Discovering subsystems at path C:/Program Files/Unity/Hub/Editor/2020.3.25f1/Editor/Data/Resources/UnitySubsystems
[Subsystems] Discovering subsystems at path C:/Users/mikey/Documents/GitHub/GhostGame/GhostGameShared/Assets
GfxDevice: creating device client; threaded=0
Direct3D:
    Version:  Direct3D 11.0 [level 11.1]
    Renderer: AMD Radeon RX 5700 XT (ID=0x731f)
    Vendor:   
    VRAM:     8151 MB
    Driver:   30.0.15019.1005
Initialize mono
Mono path[0] = 'C:/Program Files/Unity/Hub/Editor/2020.3.25f1/Editor/Data/Managed'
Mono path[1] = 'C:/Program Files/Unity/Hub/Editor/2020.3.25f1/Editor/Data/MonoBleedingEdge/lib/mono/unityjit'
Mono config path = 'C:/Program Files/Unity/Hub/Editor/2020.3.25f1/Editor/Data/MonoBleedingEdge/etc'
Using monoOptions --debugger-agent=transport=dt_socket,embedding=1,server=y,suspend=n,address=127.0.0.1:56088
Begin MonoManager ReloadAssembly
Registering precompiled unity dll's ...
Register platform support module: C:/Program Files/Unity/Hub/Editor/2020.3.25f1/Editor/Data/PlaybackEngines/WindowsStandaloneSupport/UnityEditor.WindowsStandalone.Extensions.dll
Registered in 0.001519 seconds.
Native extension for WindowsStandalone target not found
Refreshing native plugins compatible for Editor in 64.21 ms, found 8 plugins.
Preloading 0 native plugins for Editor in 0.00 ms.
Mono: successfully reloaded assembly
- Completed reload, in  0.532 seconds
Domain Reload Profiling:
	ReloadAssembly (532ms)
		BeginReloadAssembly (44ms)
			ExecutionOrderSort (0ms)
			DisableScriptedObjects (0ms)
			BackupInstance (0ms)
			ReleaseScriptingObjects (0ms)
			CreateAndSetChildDomain (1ms)
		EndReloadAssembly (422ms)
			LoadAssemblies (43ms)
			RebuildTransferFunctionScriptingTraits (0ms)
			SetupTypeCache (130ms)
			ReleaseScriptCaches (0ms)
			RebuildScriptCaches (27ms)
			SetupLoadedEditorAssemblies (171ms)
				LogAssemblyErrors (0ms)
				InitializePlatformSupportModulesInManaged (4ms)
				SetLoadedEditorAssemblies (0ms)
				RefreshPlugins (64ms)
				BeforeProcessingInitializeOnLoad (11ms)
				ProcessInitializeOnLoadAttributes (68ms)
				ProcessInitializeOnLoadMethodAttributes (22ms)
				AfterProcessingInitializeOnLoad (0ms)
				EditorAssembliesLoaded (0ms)
			ExecutionOrderSort2 (0ms)
			AwakeInstancesAfterBackupRestoration (0ms)
Platform modules already initialized, skipping
Registering precompiled user dll's ...
Registered in 0.007128 seconds.
Begin MonoManager ReloadAssembly
Native extension for WindowsStandalone target not found
Refreshing native plugins compatible for Editor in 62.21 ms, found 8 plugins.
Preloading 0 native plugins for Editor in 0.00 ms.
Mono: successfully reloaded assembly
- Completed reload, in  1.665 seconds
Domain Reload Profiling:
	ReloadAssembly (1666ms)
		BeginReloadAssembly (126ms)
			ExecutionOrderSort (0ms)
			DisableScriptedObjects (4ms)
			BackupInstance (0ms)
			ReleaseScriptingObjects (0ms)
			CreateAndSetChildDomain (21ms)
		EndReloadAssembly (1485ms)
			LoadAssemblies (86ms)
			RebuildTransferFunctionScriptingTraits (0ms)
			SetupTypeCache (287ms)
			ReleaseScriptCaches (1ms)
			RebuildScriptCaches (61ms)
			SetupLoadedEditorAssemblies (928ms)
				LogAssemblyErrors (0ms)
				InitializePlatformSupportModulesInManaged (3ms)
				SetLoadedEditorAssemblies (0ms)
				RefreshPlugins (62ms)
				BeforeProcessingInitializeOnLoad (100ms)
				ProcessInitializeOnLoadAttributes (745ms)
				ProcessInitializeOnLoadMethodAttributes (12ms)
				AfterProcessingInitializeOnLoad (5ms)
				EditorAssembliesLoaded (0ms)
			ExecutionOrderSort2 (0ms)
			AwakeInstancesAfterBackupRestoration (5ms)
Platform modules already initialized, skipping
========================================================================
Worker process is ready to serve import requests
Switching build target platform(13) subTarget(537395200) extendedPlatform(0) -> platform(13) subTarget(524288) extendedPlatform(0)
Launched and connected shader compiler UnityShaderCompiler.exe after 0.04 seconds
Refreshing native plugins compatible for Editor in 1.22 ms, found 8 plugins.
Preloading 0 native plugins for Editor in 0.00 ms.
Unloading 3581 Unused Serialized files (Serialized files now loaded: 0)
System memory in use before: 136.3 MB.
System memory in use after: 136.5 MB.

Unloading 47 unused Assets to reduce memory usage. Loaded Objects now: 3990.
Total: 3.683100 ms (FindLiveObjects: 0.354500 ms CreateObjectMapping: 0.099200 ms MarkObjects: 3.155200 ms  DeleteObjects: 0.073300 ms)

AssetImportParameters requested are different than current active one (requested -> active):
  buildTarget: platform 13, subtarget 524288, extendedPlatform 0 -> platform 13, subtarget 537395200, extendedPlatform 0
  colorSpace: 1 -> 0
  graphicsApiMask: 2048 -> 2099200
  custom:framework-win-MediaFoundation: 216162199b28c13a410421893ffa2e32 -> 
  custom:video-decoder-ogg-theora: a1e56fd34408186e4bbccfd4996cb3dc -> 
  custom:container-muxer-webm: aa71ff27fc2769a1b78a27578f13a17b -> 
  custom:container-demuxer-webm: 4f35f7cbe854078d1ac9338744f61a02 -> 
  custom:container-demuxer-ogg: 62fdf1f143b41e24485cea50d1cbac27 -> 
  custom:video-encoder-webm-vp8: eb34c28f22e8b96e1ab97ce403110664 -> 
  custom:video-decoder-webm-vp8: 9c59270c3fd7afecdb556c50c9e8de78 -> 
  custom:audio-decoder-ogg-vorbis: bf7c407c2cedff20999df2af8eb42d56 -> 
  custom:audio-encoder-webm-vorbis: bf7c407c2cedff20999df2af8eb42d56 -> 
========================================================================
Received Import Request.
  path: Assets/Images/Untitled-1.png
  artifactKey: Guid(66b9ee13bb73f7f418b9221429f6b2ea) Importer(815301076,1909f56bfc062723c751e8b465ee728b)
Start importing Assets/Images/Untitled-1.png using Guid(66b9ee13bb73f7f418b9221429f6b2ea) Importer(815301076,1909f56bfc062723c751e8b465ee728b)  -> (artifact id: 'c7a6993743a9a109f5f02d3019cf54e2') in 0.097777 seconds 
  Import took 0.102697 seconds .

========================================================================
Received Import Request.
  Time since last request: 515.059493 seconds.
  path: Assets/Images/Untitled-1.png
  artifactKey: Guid(66b9ee13bb73f7f418b9221429f6b2ea) Importer(815301076,1909f56bfc062723c751e8b465ee728b)
Start importing Assets/Images/Untitled-1.png using Guid(66b9ee13bb73f7f418b9221429f6b2ea) Importer(815301076,1909f56bfc062723c751e8b465ee728b)  -> (artifact id: '152909b641933737cad172ff5559a0db') in 0.017802 seconds 
  Import took 0.024081 seconds .

========================================================================
Received Import Request.
  Time since last request: 3.052276 seconds.
  path: Assets/Images/Untitled-2.png
  artifactKey: Guid(9cb5b1106ad377145a7b4e83f6e53f83) Importer(815301076,1909f56bfc062723c751e8b465ee728b)
Start importing Assets/Images/Untitled-2.png using Guid(9cb5b1106ad377145a7b4e83f6e53f83) Importer(815301076,1909f56bfc062723c751e8b465ee728b)  -> (artifact id: 'cd9e543074ad8a380dad36e8bd0c1c7b') in 0.022808 seconds 
  Import took 0.028382 seconds .

========================================================================
Received Import Request.
  Time since last request: 197.834261 seconds.
  path: Assets/Images/Untitled-3.png
  artifactKey: Guid(044ef1068161a68429fc55b75a8586b5) Importer(815301076,1909f56bfc062723c751e8b465ee728b)
Start importing Assets/Images/Untitled-3.png using Guid(044ef1068161a68429fc55b75a8586b5) Importer(815301076,1909f56bfc062723c751e8b465ee728b)  -> (artifact id: 'de0243b3716af2cbb7afb8fab5c1ef6a') in 0.015543 seconds 
  Import took 0.020858 seconds .

========================================================================
Received Import Request.
  Time since last request: 87.878993 seconds.
  path: Assets/MixedRealityToolkit.Generated/CustomProfiles/MixedRealityToolkitConfigurationProfile.asset
  artifactKey: Guid(b8cb650ff64fba5479305bd643c1ba07) Importer(815301076,1909f56bfc062723c751e8b465ee728b)
Start importing Assets/MixedRealityToolkit.Generated/CustomProfiles/MixedRealityToolkitConfigurationProfile.asset using Guid(b8cb650ff64fba5479305bd643c1ba07) Importer(815301076,1909f56bfc062723c751e8b465ee728b)  -> (artifact id: 'e574dcdf885460cd00998f58c1399d38') in 0.012573 seconds 
  Import took 0.018341 seconds .

========================================================================
Received Import Request.
  Time since last request: 33.836993 seconds.
  path: Assets/MixedRealityToolkit.Generated/ProjectPreferences.asset
  artifactKey: Guid(2511ff6d85942d4469ed24f0672a8825) Importer(815301076,1909f56bfc062723c751e8b465ee728b)
Start importing Assets/MixedRealityToolkit.Generated/ProjectPreferences.asset using Guid(2511ff6d85942d4469ed24f0672a8825) Importer(815301076,1909f56bfc062723c751e8b465ee728b)  -> (artifact id: '03a2e58f7ed33b9e9a96ee1d40a0ab81') in 0.011124 seconds 
  Import took 0.016717 seconds .

========================================================================
Received Prepare
Registering precompiled user dll's ...
Registered in 0.007073 seconds.
Begin MonoManager ReloadAssembly
Native extension for WindowsStandalone target not found
Refreshing native plugins compatible for Editor in 1.08 ms, found 8 plugins.
Preloading 0 native plugins for Editor in 0.00 ms.
Mono: successfully reloaded assembly
- Completed reload, in  1.318 seconds
Domain Reload Profiling:
	ReloadAssembly (1318ms)
		BeginReloadAssembly (101ms)
			ExecutionOrderSort (0ms)
			DisableScriptedObjects (3ms)
			BackupInstance (0ms)
			ReleaseScriptingObjects (0ms)
			CreateAndSetChildDomain (36ms)
		EndReloadAssembly (1163ms)
			LoadAssemblies (83ms)
			RebuildTransferFunctionScriptingTraits (0ms)
			SetupTypeCache (280ms)
			ReleaseScriptCaches (1ms)
			RebuildScriptCaches (38ms)
			SetupLoadedEditorAssemblies (663ms)
				LogAssemblyErrors (0ms)
				InitializePlatformSupportModulesInManaged (3ms)
				SetLoadedEditorAssemblies (0ms)
				RefreshPlugins (1ms)
				BeforeProcessingInitializeOnLoad (97ms)
				ProcessInitializeOnLoadAttributes (543ms)
				ProcessInitializeOnLoadMethodAttributes (12ms)
				AfterProcessingInitializeOnLoad (5ms)
				EditorAssembliesLoaded (0ms)
			ExecutionOrderSort2 (0ms)
			AwakeInstancesAfterBackupRestoration (5ms)
Platform modules already initialized, skipping
Switching build target platform(19) subTarget(0) extendedPlatform(0) -> platform(13) subTarget(524288) extendedPlatform(0)
Refreshing native plugins compatible for Editor in 1.12 ms, found 8 plugins.
Preloading 0 native plugins for Editor in 0.00 ms.
Unloading 3554 Unused Serialized files (Serialized files now loaded: 0)
System memory in use before: 134.5 MB.
System memory in use after: 134.7 MB.

Unloading 40 unused Assets to reduce memory usage. Loaded Objects now: 3995.
Total: 3.600200 ms (FindLiveObjects: 0.329000 ms CreateObjectMapping: 0.096100 ms MarkObjects: 3.134000 ms  DeleteObjects: 0.040100 ms)

AssetImportParameters requested are different than current active one (requested -> active):
  custom:framework-win-MediaFoundation: 216162199b28c13a410421893ffa2e32 -> 
  custom:video-decoder-ogg-theora: a1e56fd34408186e4bbccfd4996cb3dc -> 
  custom:container-muxer-webm: aa71ff27fc2769a1b78a27578f13a17b -> 
  custom:container-demuxer-webm: 4f35f7cbe854078d1ac9338744f61a02 -> 
  custom:container-demuxer-ogg: 62fdf1f143b41e24485cea50d1cbac27 -> 
  custom:video-encoder-webm-vp8: eb34c28f22e8b96e1ab97ce403110664 -> 
  custom:video-decoder-webm-vp8: 9c59270c3fd7afecdb556c50c9e8de78 -> 
  custom:graphics/normal-map-encoding: 01000000000000000000000000000000 -> 02000000000000000000000000000000
  custom:audio-decoder-ogg-vorbis: bf7c407c2cedff20999df2af8eb42d56 -> 
  custom:audio-encoder-webm-vorbis: bf7c407c2cedff20999df2af8eb42d56 -> 
========================================================================
Received Import Request.
  Time since last request: 67.052078 seconds.
  path: Assets/MixedRealityToolkit.Generated/CustomProfiles/MixedRealityToolkitConfigurationProfile.asset
  artifactKey: Guid(b8cb650ff64fba5479305bd643c1ba07) Importer(815301076,1909f56bfc062723c751e8b465ee728b)
Start importing Assets/MixedRealityToolkit.Generated/CustomProfiles/MixedRealityToolkitConfigurationProfile.asset using Guid(b8cb650ff64fba5479305bd643c1ba07) Importer(815301076,1909f56bfc062723c751e8b465ee728b)  -> (artifact id: '2abba755625b91152188e75b6d651779') in 0.016657 seconds 
  Import took 0.022359 seconds .

========================================================================
Received Import Request.
  Time since last request: 0.000211 seconds.
  path: Assets/MixedRealityToolkit.Generated/CustomProfiles/New Profile.asset
  artifactKey: Guid(af8c1b2bbb590b5488ffd0f70843d2bb) Importer(815301076,1909f56bfc062723c751e8b465ee728b)
Start importing Assets/MixedRealityToolkit.Generated/CustomProfiles/New Profile.asset using Guid(af8c1b2bbb590b5488ffd0f70843d2bb) Importer(815301076,1909f56bfc062723c751e8b465ee728b)  -> (artifact id: 'b54da7d7761fdb356d8c15918933cde0') in 0.008824 seconds 
  Import took 0.013869 seconds .

========================================================================
Received Import Request.
  Time since last request: 21.777343 seconds.
  path: Assets/MixedRealityToolkit.Generated/CustomProfiles/New Profile.asset
  artifactKey: Guid(af8c1b2bbb590b5488ffd0f70843d2bb) Importer(815301076,1909f56bfc062723c751e8b465ee728b)
Start importing Assets/MixedRealityToolkit.Generated/CustomProfiles/New Profile.asset using Guid(af8c1b2bbb590b5488ffd0f70843d2bb) Importer(815301076,1909f56bfc062723c751e8b465ee728b)  -> (artifact id: '0ffaa7e4210f901c7a4d62f896db56ef') in 0.003111 seconds 
  Import took 0.008252 seconds .

========================================================================
Received Import Request.
  Time since last request: 115.733137 seconds.
  path: Assets/MixedRealityToolkit.Generated/CustomProfiles/New Profile 1.asset
  artifactKey: Guid(3fadf0ea34c9c4d4c9d4fa71362016dc) Importer(815301076,1909f56bfc062723c751e8b465ee728b)
Start importing Assets/MixedRealityToolkit.Generated/CustomProfiles/New Profile 1.asset using Guid(3fadf0ea34c9c4d4c9d4fa71362016dc) Importer(815301076,1909f56bfc062723c751e8b465ee728b)  -> (artifact id: '5b76dad4d0cffc4f452fd75b38cf341f') in 0.010941 seconds 
  Import took 0.016692 seconds .

========================================================================
Received Import Request.
  Time since last request: 0.000266 seconds.
  path: Assets/MixedRealityToolkit.Generated/CustomProfiles/New Profile.asset
  artifactKey: Guid(af8c1b2bbb590b5488ffd0f70843d2bb) Importer(815301076,1909f56bfc062723c751e8b465ee728b)
Start importing Assets/MixedRealityToolkit.Generated/CustomProfiles/New Profile.asset using Guid(af8c1b2bbb590b5488ffd0f70843d2bb) Importer(815301076,1909f56bfc062723c751e8b465ee728b)  -> (artifact id: '66a2b4af486517ff26675f086a615508') in 0.003582 seconds 
  Import took 0.008684 seconds .

========================================================================
Received Import Request.
  Time since last request: 4.935647 seconds.
  path: Assets/MixedRealityToolkit.Generated/CustomProfiles/New Profile 1.asset
  artifactKey: Guid(3fadf0ea34c9c4d4c9d4fa71362016dc) Importer(815301076,1909f56bfc062723c751e8b465ee728b)
Start importing Assets/MixedRealityToolkit.Generated/CustomProfiles/New Profile 1.asset using Guid(3fadf0ea34c9c4d4c9d4fa71362016dc) Importer(815301076,1909f56bfc062723c751e8b465ee728b)  -> (artifact id: '743681c46647beb7477876fe4b260eb4') in 0.003489 seconds 
  Import took 0.008918 seconds .

========================================================================
Received Import Request.
  Time since last request: 33.878482 seconds.
  path: Assets/MixedRealityToolkit.Generated/CustomProfiles/New Profile 1.asset
  artifactKey: Guid(3fadf0ea34c9c4d4c9d4fa71362016dc) Importer(815301076,1909f56bfc062723c751e8b465ee728b)
Start importing Assets/MixedRealityToolkit.Generated/CustomProfiles/New Profile 1.asset using Guid(3fadf0ea34c9c4d4c9d4fa71362016dc) Importer(815301076,1909f56bfc062723c751e8b465ee728b)  -> (artifact id: 'e6239d385a5c63f77f506c40ee792c66') in 0.003732 seconds 
  Import took 0.009480 seconds .

AssetImportWorkerClient::OnTransportError - code=2 error=End of file
